{
"contracts/BridgeBSC.sol":{"l":{"36":10,"37":10,"41":9,"42":7,"52":3,"53":3,"62":6,"63":5,"65":4,"66":4,"69":4,"70":4,"79":4,"80":3,"81":2,"83":1,"84":1,"85":1,"92":2,"99":1},"path":"/Users/shkang/new-project/wncg-bridge-contract-bsc/contracts/BridgeBSC.sol","s":{"1":9,"2":3,"3":6,"4":5,"5":4,"6":4,"7":4,"8":3,"9":2,"10":1,"11":1,"12":2,"13":1},"b":{"1":[10,1],"2":[7,2],"3":[3,1],"4":[5,1],"5":[4,1],"6":[4,1],"7":[3,1],"8":[2,1],"9":[1,1]},"f":{"1":10,"2":9,"3":3,"4":6,"5":4,"6":2,"7":1},"fnMap":{"1":{"name":"initialize","line":35,"loc":{"start":{"line":32,"column":2},"end":{"line":38,"column":2}}},"2":{"name":"onlyOperator","line":40,"loc":{"start":{"line":40,"column":2},"end":{"line":43,"column":2}}},"3":{"name":"changeOperator","line":51,"loc":{"start":{"line":49,"column":2},"end":{"line":54,"column":2}}},"4":{"name":"sendToLibPlanet","line":61,"loc":{"start":{"line":61,"column":2},"end":{"line":71,"column":2}}},"5":{"name":"transferAssetByOperator","line":78,"loc":{"start":{"line":78,"column":2},"end":{"line":86,"column":2}}},"6":{"name":"totalTransferAmount","line":91,"loc":{"start":{"line":91,"column":2},"end":{"line":93,"column":2}}},"7":{"name":"transferredTokenBalance","line":98,"loc":{"start":{"line":98,"column":2},"end":{"line":100,"column":2}}}},"statementMap":{"1":{"start":{"line":41,"column":4},"end":{"line":41,"column":51}},"2":{"start":{"line":53,"column":4},"end":{"line":53,"column":40}},"3":{"start":{"line":62,"column":4},"end":{"line":62,"column":46}},"4":{"start":{"line":63,"column":4},"end":{"line":63,"column":48}},"5":{"start":{"line":69,"column":4},"end":{"line":69,"column":88}},"6":{"start":{"line":70,"column":4},"end":{"line":70,"column":48}},"7":{"start":{"line":79,"column":4},"end":{"line":79,"column":47}},"8":{"start":{"line":80,"column":4},"end":{"line":80,"column":40}},"9":{"start":{"line":81,"column":4},"end":{"line":81,"column":57}},"10":{"start":{"line":84,"column":4},"end":{"line":84,"column":42}},"11":{"start":{"line":85,"column":4},"end":{"line":85,"column":44}},"12":{"start":{"line":92,"column":4},"end":{"line":92,"column":22}},"13":{"start":{"line":99,"column":4},"end":{"line":99,"column":26}}},"branchMap":{"1":{"line":35,"type":"if","locations":[{"start":{"line":35,"column":13},"end":{"line":35,"column":13}},{"start":{"line":35,"column":13},"end":{"line":35,"column":13}}]},"2":{"line":41,"type":"if","locations":[{"start":{"line":41,"column":4},"end":{"line":41,"column":4}},{"start":{"line":41,"column":4},"end":{"line":41,"column":4}}]},"3":{"line":51,"type":"if","locations":[{"start":{"line":51,"column":13},"end":{"line":51,"column":13}},{"start":{"line":51,"column":13},"end":{"line":51,"column":13}}]},"4":{"line":62,"type":"if","locations":[{"start":{"line":62,"column":4},"end":{"line":62,"column":4}},{"start":{"line":62,"column":4},"end":{"line":62,"column":4}}]},"5":{"line":63,"type":"if","locations":[{"start":{"line":63,"column":4},"end":{"line":63,"column":4}},{"start":{"line":63,"column":4},"end":{"line":63,"column":4}}]},"6":{"line":78,"type":"if","locations":[{"start":{"line":78,"column":72},"end":{"line":78,"column":72}},{"start":{"line":78,"column":72},"end":{"line":78,"column":72}}]},"7":{"line":79,"type":"if","locations":[{"start":{"line":79,"column":4},"end":{"line":79,"column":4}},{"start":{"line":79,"column":4},"end":{"line":79,"column":4}}]},"8":{"line":80,"type":"if","locations":[{"start":{"line":80,"column":4},"end":{"line":80,"column":4}},{"start":{"line":80,"column":4},"end":{"line":80,"column":4}}]},"9":{"line":81,"type":"if","locations":[{"start":{"line":81,"column":4},"end":{"line":81,"column":4}},{"start":{"line":81,"column":4},"end":{"line":81,"column":4}}]}}}}
