TN:
SF:/Users/shkang/new-project/wncg-bridge-contract-bsc/contracts/BridgeBSC.sol
FN:35,initialize
FN:40,onlyOperator
FN:51,changeOperator
FN:61,sendToLibPlanet
FN:77,transferAssetByOperator
FN:89,transferredTokenBalance
FNF:6
FNH:6
FNDA:10,initialize
FNDA:8,onlyOperator
FNDA:3,changeOperator
FNDA:6,sendToLibPlanet
FNDA:3,transferAssetByOperator
FNDA:1,transferredTokenBalance
DA:36,10
DA:37,10
DA:41,8
DA:42,6
DA:52,3
DA:53,3
DA:62,6
DA:63,5
DA:65,4
DA:68,4
DA:69,4
DA:78,3
DA:79,2
DA:81,1
DA:82,1
DA:90,1
LF:16
LH:16
BRDA:35,1,0,10
BRDA:35,1,1,1
BRDA:41,2,0,6
BRDA:41,2,1,2
BRDA:51,3,0,3
BRDA:51,3,1,1
BRDA:62,4,0,5
BRDA:62,4,1,1
BRDA:63,5,0,4
BRDA:63,5,1,1
BRDA:77,6,0,3
BRDA:77,6,1,1
BRDA:78,7,0,2
BRDA:78,7,1,1
BRDA:79,8,0,1
BRDA:79,8,1,1
BRF:16
BRH:16
end_of_record
