TN:
SF:/Users/shkang/new-project/wncg-bridge-contract-bsc/contracts/BridgeBSC.sol
FN:35,initialize
FN:40,onlyOperator
FN:51,changeOperator
FN:61,sendToLibPlanet
FN:78,transferAssetByOperator
FN:91,totalTransferAmount
FN:99,transferredTokenBalance
FNF:7
FNH:7
FNDA:10,initialize
FNDA:9,onlyOperator
FNDA:3,changeOperator
FNDA:6,sendToLibPlanet
FNDA:4,transferAssetByOperator
FNDA:2,totalTransferAmount
FNDA:1,transferredTokenBalance
DA:36,10
DA:37,10
DA:41,9
DA:42,7
DA:52,3
DA:53,3
DA:62,6
DA:63,5
DA:65,4
DA:66,4
DA:69,4
DA:70,4
DA:79,4
DA:80,3
DA:81,2
DA:83,1
DA:84,1
DA:85,1
DA:92,2
DA:100,1
LF:20
LH:20
BRDA:35,1,0,10
BRDA:35,1,1,1
BRDA:41,2,0,7
BRDA:41,2,1,2
BRDA:51,3,0,3
BRDA:51,3,1,1
BRDA:62,4,0,5
BRDA:62,4,1,1
BRDA:63,5,0,4
BRDA:63,5,1,1
BRDA:78,6,0,4
BRDA:78,6,1,1
BRDA:79,7,0,3
BRDA:79,7,1,1
BRDA:80,8,0,2
BRDA:80,8,1,1
BRDA:81,9,0,1
BRDA:81,9,1,1
BRF:18
BRH:18
end_of_record
